-------------------------------------------------------------------------------
Test set: com.javatechie.k8s.SpringbootK8sDemoApplicationTests
-------------------------------------------------------------------------------
Tests run: 1, Failures: 0, Errors: 1, Skipped: 0, Time elapsed: 0.663 s <<< FAILURE! - in com.javatechie.k8s.SpringbootK8sDemoApplicationTests
com.javatechie.k8s.SpringbootK8sDemoApplicationTests  Time elapsed: 0.661 s  <<< ERROR!
java.lang.IllegalStateException: Unable to find a @SpringBootConfiguration, you need to use @ContextConfiguration or @SpringBootTest(classes=...) with your test

